<?xml version="1.0" encoding="UTF-8"?>
<!-- Generated by org.testng.reporters.JUnitReportReporter -->
<testsuite hostname="Mayank" failures="0" tests="2" name="org.example.Day_18_08_25.Labsession_testng" time="41.368" errors="0" timestamp="2025-08-19T08:52:21 IST" skipped="0">
  <testcase classname="org.example.Day_18_08_25.Labsession_testng" name="loginAutomation" time="18.296"/>
  <testcase classname="org.example.Day_18_08_25.Labsession_testng" name="cartAutomation" time="23.072"/>
</testsuite> <!-- org.example.Day_18_08_25.Labsession_testng -->
