<?xml version="1.0" encoding="UTF-8"?>
<!-- Generated by org.testng.reporters.JUnitReportReporter -->
<testsuite hostname="Mayank" failures="0" tests="2" name="org.example.Day_16_08_25.LabsessionGroups1" time="0.013" errors="0" timestamp="2025-08-16T17:16:15 IST" skipped="0">
  <testcase classname="org.example.Day_16_08_25.LabsessionGroups1" name="loinTest" time="0.001"/>
  <testcase classname="org.example.Day_16_08_25.LabsessionGroups1" name="logoutTest" time="0.012"/>
</testsuite> <!-- org.example.Day_16_08_25.LabsessionGroups1 -->
