<?xml version="1.0" encoding="UTF-8"?>
<!-- Generated by org.testng.reporters.JUnitReportReporter -->
<testsuite hostname="Mayank" failures="0" tests="4" name="org.example.Day_18_08_25.Labsession_testng" time="157.374" errors="0" timestamp="2025-08-18T17:17:50 IST" skipped="0">
  <testcase classname="org.example.Day_18_08_25.Labsession_testng" name="loginAutomation" time="14.331"/>
  <testcase classname="org.example.Day_18_08_25.Labsession_testng" name="cartAutomation" time="20.689"/>
  <testcase classname="org.example.Day_18_08_25.Labsession_testng" name="bookingHotel" time="51.795"/>
  <testcase classname="org.example.Day_18_08_25.Labsession_testng" name="formFilling" time="70.559"/>
</testsuite> <!-- org.example.Day_18_08_25.Labsession_testng -->
