<?xml version="1.0" encoding="UTF-8"?>
<!-- Generated by org.testng.reporters.JUnitReportReporter -->
<testsuite hostname="Mayank" failures="0" tests="3" name="org.example.Day_16_08_25.LabsessionGroups2" time="0.014" errors="0" timestamp="2025-08-16T17:20:56 IST" skipped="0">
  <testcase classname="org.example.Day_16_08_25.LabsessionGroups2" name="viewUser" time="0.001"/>
  <testcase classname="org.example.Day_16_08_25.LabsessionGroups2" name="deleteUser" time="0.001"/>
  <testcase classname="org.example.Day_16_08_25.LabsessionGroups2" name="createUser" time="0.012"/>
</testsuite> <!-- org.example.Day_16_08_25.LabsessionGroups2 -->
