<?xml version="1.0" encoding="UTF-8"?>
<!-- Generated by org.testng.reporters.JUnitReportReporter -->
<testsuite hostname="Mayank" failures="0" tests="2" name="org.example.Day_16_08_25.groupsTestNG" time="0.013" errors="0" timestamp="2025-08-16T16:37:19 IST" skipped="0">
  <testcase classname="org.example.Day_16_08_25.groupsTestNG" name="testcase1" time="0.012"/>
  <testcase classname="org.example.Day_16_08_25.groupsTestNG" name="testcase3" time="0.001"/>
</testsuite> <!-- org.example.Day_16_08_25.groupsTestNG -->
