<?xml version="1.0" encoding="UTF-8"?>
<!-- Generated by org.testng.reporters.JUnitReportReporter -->
<testsuite hostname="Mayank" failures="0" tests="1" name="org.example.Day_18_08_25.Labsession1_testng" time="68.418" errors="0" timestamp="2025-08-18T17:03:24 IST" skipped="0">
  <testcase classname="org.example.Day_18_08_25.Labsession1_testng" name="formFilling" time="68.418"/>
</testsuite> <!-- org.example.Day_18_08_25.Labsession1_testng -->
