<?xml version="1.0" encoding="UTF-8"?>
<!-- Generated by org.testng.reporters.JUnitReportReporter -->
<testsuite hostname="Mayank" failures="0" tests="1" name="org.example.Day_16_08_25.firstTestNG" time="9.243" errors="0" timestamp="2025-08-16T15:32:37 IST" skipped="0">
  <testcase classname="org.example.Day_16_08_25.firstTestNG" name="launchbrowser" time="9.243"/>
</testsuite> <!-- org.example.Day_16_08_25.firstTestNG -->
